0 info it worked if it ends with ok
1 verbose cli [ '/home/ubuntu/.nvm/v0.10.13/bin/node',
1 verbose cli   '/home/ubuntu/.nvm/v0.10.13/bin/npm',
1 verbose cli   'start' ]
2 info using npm@1.3.2
3 info using node@v0.10.13
4 error Error: ENOENT, open '/home/ubuntu/UI_MechanicalTurks/webapp/build/package.json'
5 error If you need help, you may report this log at:
5 error     <http://github.com/isaacs/npm/issues>
5 error or email it to:
5 error     <npm-@googlegroups.com>
6 error System Linux 3.13.0-48-generic
7 error command "/home/ubuntu/.nvm/v0.10.13/bin/node" "/home/ubuntu/.nvm/v0.10.13/bin/npm" "start"
8 error cwd /home/ubuntu/UI_MechanicalTurks/webapp/build
9 error node -v v0.10.13
10 error npm -v 1.3.2
11 error path /home/ubuntu/UI_MechanicalTurks/webapp/build/package.json
12 error code ENOENT
13 error errno 34
14 verbose exit [ 34, true ]
