0 info it worked if it ends with ok
1 verbose cli [ '/home/ubuntu/.nvm/v5.1.0/bin/node',
1 verbose cli   '/home/ubuntu/.nvm/v5.1.0/bin/npm',
1 verbose cli   'start' ]
2 info using npm@3.3.12
3 info using node@v5.1.0
4 verbose run-script [ 'prestart', 'start', 'poststart' ]
5 info lifecycle webapp2.0@0.0.0~prestart: webapp2.0@0.0.0
6 silly lifecycle webapp2.0@0.0.0~prestart: no script for prestart, continuing
7 info lifecycle webapp2.0@0.0.0~start: webapp2.0@0.0.0
8 verbose lifecycle webapp2.0@0.0.0~start: unsafe-perm in lifecycle true
9 verbose lifecycle webapp2.0@0.0.0~start: PATH: /home/ubuntu/.nvm/v5.1.0/lib/node_modules/npm/bin/node-gyp-bin:/home/ubuntu/UI_MechanicalTurks/webapp/node_modules/.bin:/home/ubuntu/.nvm/v5.1.0/bin:/usr/local/sbin:/usr/local/bin:/usr/sbin:/usr/bin:/sbin:/bin:/usr/games:/usr/local/games
10 verbose lifecycle webapp2.0@0.0.0~start: CWD: /home/ubuntu/UI_MechanicalTurks/webapp
11 silly lifecycle webapp2.0@0.0.0~start: Args: [ '-c', 'node ./bin/www' ]
12 silly lifecycle webapp2.0@0.0.0~start: Returned: code: 143  signal: null
13 info lifecycle webapp2.0@0.0.0~start: Failed to exec start script
14 verbose stack Error: webapp2.0@0.0.0 start: `node ./bin/www`
14 verbose stack Exit status 143
14 verbose stack     at EventEmitter.<anonymous> (/home/ubuntu/.nvm/v5.1.0/lib/node_modules/npm/lib/utils/lifecycle.js:232:16)
14 verbose stack     at emitTwo (events.js:87:13)
14 verbose stack     at EventEmitter.emit (events.js:172:7)
14 verbose stack     at ChildProcess.<anonymous> (/home/ubuntu/.nvm/v5.1.0/lib/node_modules/npm/lib/utils/spawn.js:24:14)
14 verbose stack     at emitTwo (events.js:87:13)
14 verbose stack     at ChildProcess.emit (events.js:172:7)
14 verbose stack     at maybeClose (internal/child_process.js:818:16)
14 verbose stack     at Process.ChildProcess._handle.onexit (internal/child_process.js:211:5)
15 verbose pkgid webapp2.0@0.0.0
16 verbose cwd /home/ubuntu/UI_MechanicalTurks/webapp/routes
17 error Linux 3.13.0-48-generic
18 error argv "/home/ubuntu/.nvm/v5.1.0/bin/node" "/home/ubuntu/.nvm/v5.1.0/bin/npm" "start"
19 error node v5.1.0
20 error npm  v3.3.12
21 error code ELIFECYCLE
22 error webapp2.0@0.0.0 start: `node ./bin/www`
22 error Exit status 143
23 error Failed at the webapp2.0@0.0.0 start script 'node ./bin/www'.
23 error Make sure you have the latest version of node.js and npm installed.
23 error If you do, this is most likely a problem with the webapp2.0 package,
23 error not with npm itself.
23 error Tell the author that this fails on your system:
23 error     node ./bin/www
23 error You can get their info via:
23 error     npm owner ls webapp2.0
23 error There is likely additional logging output above.
24 verbose exit [ 1, true ]
